Using pre-set license
Built from '2021.3/staging' branch; Version is '2021.3.2f1 (d6360bedb9a0) revision 14038539'; Using compiler version '192829333'; Build Type 'Release'
OS: 'Windows 11  (10.0.22000) 64bit Professional' Language: 'ko' Physical Memory: 32719 MB
BatchMode: 1, IsHumanControllingUs: 0, StartBugReporterOnCrash: 0, Is64bit: 1, IsPro: 1

COMMAND LINE ARGUMENTS:
C:\Program Files\Unity\Hub\Editor\2021.3.2f1\Editor\Unity.exe
-adb2
-batchMode
-noUpm
-name
AssetImportWorker4
-projectPath
C:/Users/pstfl/Documents/Unity/Metaverse_Final
-logFile
Logs/AssetImportWorker4.log
-srvPort
60235
Successfully changed project path to: C:/Users/pstfl/Documents/Unity/Metaverse_Final
C:/Users/pstfl/Documents/Unity/Metaverse_Final
[UnityMemory] Configuration Parameters - Can be set up in boot.config
    "memorysetup-bucket-allocator-granularity=16"
    "memorysetup-bucket-allocator-bucket-count=8"
    "memorysetup-bucket-allocator-block-size=33554432"
    "memorysetup-bucket-allocator-block-count=8"
    "memorysetup-main-allocator-block-size=16777216"
    "memorysetup-thread-allocator-block-size=16777216"
    "memorysetup-gfx-main-allocator-block-size=16777216"
    "memorysetup-gfx-thread-allocator-block-size=16777216"
    "memorysetup-cache-allocator-block-size=4194304"
    "memorysetup-typetree-allocator-block-size=2097152"
    "memorysetup-profiler-bucket-allocator-granularity=16"
    "memorysetup-profiler-bucket-allocator-bucket-count=8"
    "memorysetup-profiler-bucket-allocator-block-size=33554432"
    "memorysetup-profiler-bucket-allocator-block-count=8"
    "memorysetup-profiler-allocator-block-size=16777216"
    "memorysetup-profiler-editor-allocator-block-size=1048576"
    "memorysetup-temp-allocator-size-main=16777216"
    "memorysetup-job-temp-allocator-block-size=2097152"
    "memorysetup-job-temp-allocator-block-size-background=1048576"
    "memorysetup-job-temp-allocator-reduction-small-platforms=262144"
    "memorysetup-temp-allocator-size-background-worker=32768"
    "memorysetup-temp-allocator-size-job-worker=262144"
    "memorysetup-temp-allocator-size-preload-manager=33554432"
    "memorysetup-temp-allocator-size-nav-mesh-worker=65536"
    "memorysetup-temp-allocator-size-audio-worker=65536"
    "memorysetup-temp-allocator-size-cloud-worker=32768"
    "memorysetup-temp-allocator-size-gi-baking-worker=262144"
    "memorysetup-temp-allocator-size-gfx=262144"
Refreshing native plugins compatible for Editor in 281.19 ms, found 33 plugins.
Preloading 0 native plugins for Editor in 0.00 ms.
Initialize engine version: 2021.3.2f1 (d6360bedb9a0)
[Subsystems] Discovering subsystems at path C:/Program Files/Unity/Hub/Editor/2021.3.2f1/Editor/Data/Resources/UnitySubsystems
[Subsystems] Discovering subsystems at path C:/Users/pstfl/Documents/Unity/Metaverse_Final/Assets
GfxDevice: creating device client; threaded=0; jobified=0
Direct3D:
    Version:  Direct3D 11.0 [level 11.1]
    Renderer: NVIDIA GeForce RTX 2070 SUPER (ID=0x1e84)
    Vendor:   NVIDIA
    VRAM:     8012 MB
    Driver:   30.0.15.1259
Initialize mono
Mono path[0] = 'C:/Program Files/Unity/Hub/Editor/2021.3.2f1/Editor/Data/Managed'
Mono path[1] = 'C:/Program Files/Unity/Hub/Editor/2021.3.2f1/Editor/Data/MonoBleedingEdge/lib/mono/unityjit-win32'
Mono config path = 'C:/Program Files/Unity/Hub/Editor/2021.3.2f1/Editor/Data/MonoBleedingEdge/etc'
Using monoOptions --debugger-agent=transport=dt_socket,embedding=1,server=y,suspend=n,address=127.0.0.1:56896
Begin MonoManager ReloadAssembly
Registering precompiled unity dll's ...
Register platform support module: C:/Program Files/Unity/Hub/Editor/2021.3.2f1/Editor/Data/PlaybackEngines/AndroidPlayer/UnityEditor.Android.Extensions.dll
Register platform support module: C:/Program Files/Unity/Hub/Editor/2021.3.2f1/Editor/Data/PlaybackEngines/WindowsStandaloneSupport/UnityEditor.WindowsStandalone.Extensions.dll
Registered in 0.024472 seconds.
Native extension for WindowsStandalone target not found
Native extension for Android target not found
Refreshing native plugins compatible for Editor in 127.04 ms, found 33 plugins.
Preloading 0 native plugins for Editor in 0.00 ms.
Mono: successfully reloaded assembly
- Completed reload, in  0.844 seconds
Domain Reload Profiling:
	ReloadAssembly (845ms)
		BeginReloadAssembly (104ms)
			ExecutionOrderSort (0ms)
			DisableScriptedObjects (0ms)
			BackupInstance (0ms)
			ReleaseScriptingObjects (0ms)
			CreateAndSetChildDomain (1ms)
		EndReloadAssembly (586ms)
			LoadAssemblies (100ms)
			RebuildTransferFunctionScriptingTraits (0ms)
			SetupTypeCache (119ms)
			ReleaseScriptCaches (0ms)
			RebuildScriptCaches (27ms)
			SetupLoadedEditorAssemblies (344ms)
				LogAssemblyErrors (0ms)
				InitializePlatformSupportModulesInManaged (67ms)
				SetLoadedEditorAssemblies (0ms)
				RefreshPlugins (127ms)
				BeforeProcessingInitializeOnLoad (1ms)
				ProcessInitializeOnLoadAttributes (98ms)
				ProcessInitializeOnLoadMethodAttributes (50ms)
				AfterProcessingInitializeOnLoad (0ms)
				EditorAssembliesLoaded (0ms)
			ExecutionOrderSort2 (0ms)
			AwakeInstancesAfterBackupRestoration (0ms)
Platform modules already initialized, skipping
Registering precompiled user dll's ...
Registered in 0.052716 seconds.
Begin MonoManager ReloadAssembly
Symbol file LoadedFromMemory doesn't match image C:\Users\pstfl\Documents\Unity\Metaverse_Final\Library\PackageCache\com.unity.visualscripting@1.7.6\Editor\VisualScripting.Core\Dependencies\DotNetZip\Unity.VisualScripting.IonicZip.dll
Symbol file LoadedFromMemory doesn't match image C:\Users\pstfl\Documents\Unity\Metaverse_Final\Library\PackageCache\com.unity.visualscripting@1.7.6\Editor\VisualScripting.Core\Dependencies\YamlDotNet\Unity.VisualScripting.YamlDotNet.dll
Native extension for WindowsStandalone target not found
Native extension for Android target not found
Refreshing native plugins compatible for Editor in 2.09 ms, found 33 plugins.
Preloading 0 native plugins for Editor in 0.00 ms.
Mono: successfully reloaded assembly
- Completed reload, in  7.695 seconds
Domain Reload Profiling:
	ReloadAssembly (7696ms)
		BeginReloadAssembly (6686ms)
			ExecutionOrderSort (0ms)
			DisableScriptedObjects (8ms)
			BackupInstance (0ms)
			ReleaseScriptingObjects (0ms)
			CreateAndSetChildDomain (6582ms)
		EndReloadAssembly (883ms)
			LoadAssemblies (109ms)
			RebuildTransferFunctionScriptingTraits (0ms)
			SetupTypeCache (277ms)
			ReleaseScriptCaches (1ms)
			RebuildScriptCaches (63ms)
			SetupLoadedEditorAssemblies (389ms)
				LogAssemblyErrors (0ms)
				InitializePlatformSupportModulesInManaged (16ms)
				SetLoadedEditorAssemblies (0ms)
				RefreshPlugins (2ms)
				BeforeProcessingInitializeOnLoad (95ms)
				ProcessInitializeOnLoadAttributes (236ms)
				ProcessInitializeOnLoadMethodAttributes (27ms)
				AfterProcessingInitializeOnLoad (11ms)
				EditorAssembliesLoaded (0ms)
			ExecutionOrderSort2 (0ms)
			AwakeInstancesAfterBackupRestoration (8ms)
Platform modules already initialized, skipping
========================================================================
Worker process is ready to serve import requests
Launched and connected shader compiler UnityShaderCompiler.exe after 0.04 seconds
Refreshing native plugins compatible for Editor in 3.13 ms, found 33 plugins.
Preloading 0 native plugins for Editor in 0.00 ms.
Unloading 4102 Unused Serialized files (Serialized files now loaded: 0)
Unloading 198 unused Assets / (157.2 KB). Loaded Objects now: 4412.
Memory consumption went from 160.8 MB to 160.7 MB.
Total: 3.139500 ms (FindLiveObjects: 0.409400 ms CreateObjectMapping: 0.106400 ms MarkObjects: 2.457500 ms  DeleteObjects: 0.164400 ms)

AssetImportParameters requested are different than current active one (requested -> active):
  custom:video-decoder-ogg-theora: a1e56fd34408186e4bbccfd4996cb3dc -> 
  custom:container-muxer-webm: aa71ff27fc2769a1b78a27578f13a17b -> 
  custom:container-demuxer-webm: 4f35f7cbe854078d1ac9338744f61a02 -> 
  custom:video-encoder-webm-vp8: eb34c28f22e8b96e1ab97ce403110664 -> 
  custom:audio-encoder-webm-vorbis: bf7c407c2cedff20999df2af8eb42d56 -> 
  custom:framework-win-MediaFoundation: 216162199b28c13a410421893ffa2e32 -> 
  custom:container-demuxer-ogg: 62fdf1f143b41e24485cea50d1cbac27 -> 
  custom:video-decoder-webm-vp8: 9c59270c3fd7afecdb556c50c9e8de78 -> 
  custom:audio-decoder-ogg-vorbis: bf7c407c2cedff20999df2af8eb42d56 -> 
========================================================================
Received Import Request.
  Time since last request: 181513.415390 seconds.
  path: Assets/Graphics/Models/eva1_Unity.fbx
  artifactKey: Guid(25578e8c437032345a911d3ff17410cd) Importer(815301076,1909f56bfc062723c751e8b465ee728b)
Start importing Assets/Graphics/Models/eva1_Unity.fbx using Guid(25578e8c437032345a911d3ff17410cd) Importer(815301076,1909f56bfc062723c751e8b465ee728b)  -> (artifact id: '1d7dbe2a5a67016e32b43afbdf3dbe84') in 0.297501 seconds 
========================================================================
Received Import Request.
  Time since last request: 18.912562 seconds.
  path: Assets/Graphics/Models/tom.fbx
  artifactKey: Guid(1fc4ffb8a2abb1944bc7c6a7a9244c02) Importer(815301076,1909f56bfc062723c751e8b465ee728b)
Start importing Assets/Graphics/Models/tom.fbx using Guid(1fc4ffb8a2abb1944bc7c6a7a9244c02) Importer(815301076,1909f56bfc062723c751e8b465ee728b)  -> (artifact id: 'e4c5a30fce20becc325de9d906106b9a') in 0.167214 seconds 
========================================================================
Received Import Request.
  Time since last request: 8.207623 seconds.
  path: Assets/Graphics/Models/eva1_Unity.fbx
  artifactKey: Guid(25578e8c437032345a911d3ff17410cd) Importer(815301076,1909f56bfc062723c751e8b465ee728b)
Start importing Assets/Graphics/Models/eva1_Unity.fbx using Guid(25578e8c437032345a911d3ff17410cd) Importer(815301076,1909f56bfc062723c751e8b465ee728b)  -> (artifact id: '0d75b0bbf981bcc8a1aa4b3e8e0c5940') in 0.158612 seconds 
========================================================================
Received Import Request.
  Time since last request: 13.476735 seconds.
  path: Assets/Graphics/Animations/viseme.controller
  artifactKey: Guid(f1f75f83c691ddc4fac0545d674a9c54) Importer(815301076,1909f56bfc062723c751e8b465ee728b)
Start importing Assets/Graphics/Animations/viseme.controller using Guid(f1f75f83c691ddc4fac0545d674a9c54) Importer(815301076,1909f56bfc062723c751e8b465ee728b)  -> (artifact id: '6df6f9b0f18aebb69e244de6c4c7356c') in 0.020127 seconds 
========================================================================
Received Import Request.
  Time since last request: 21.074571 seconds.
  path: Assets/UMA/Examples/Expressions Examples/Assets/Phonemes/PhonemeAA.asset
  artifactKey: Guid(0b5bbd7d503cb449caa25206b85d1787) Importer(815301076,1909f56bfc062723c751e8b465ee728b)
Start importing Assets/UMA/Examples/Expressions Examples/Assets/Phonemes/PhonemeAA.asset using Guid(0b5bbd7d503cb449caa25206b85d1787) Importer(815301076,1909f56bfc062723c751e8b465ee728b)  -> (artifact id: 'b77babb802456bb9aef339ad4507c2bc') in 0.007009 seconds 
========================================================================
Received Import Request.
  Time since last request: 1.927463 seconds.
  path: Assets/UMA/Examples/Expressions Examples/Assets/Phonemes/PhonemeAH.asset
  artifactKey: Guid(7cd5d5fafd2174b8699e5d5d2cda65f5) Importer(815301076,1909f56bfc062723c751e8b465ee728b)
Start importing Assets/UMA/Examples/Expressions Examples/Assets/Phonemes/PhonemeAH.asset using Guid(7cd5d5fafd2174b8699e5d5d2cda65f5) Importer(815301076,1909f56bfc062723c751e8b465ee728b)  -> (artifact id: '06a4e0eb9a02bdb2d833e1d5d218800a') in 0.004071 seconds 
========================================================================
Received Import Request.
  Time since last request: 0.533964 seconds.
  path: Assets/UMA/Examples/Expressions Examples/Assets/Phonemes/PhonemeAW.asset
  artifactKey: Guid(64f4ca57a457d440cbca35d788278e9c) Importer(815301076,1909f56bfc062723c751e8b465ee728b)
Start importing Assets/UMA/Examples/Expressions Examples/Assets/Phonemes/PhonemeAW.asset using Guid(64f4ca57a457d440cbca35d788278e9c) Importer(815301076,1909f56bfc062723c751e8b465ee728b)  -> (artifact id: '4e6f020e7a3150ad18f3f963c65247a1') in 0.003544 seconds 
========================================================================
Received Import Request.
  Time since last request: 0.313862 seconds.
  path: Assets/UMA/Examples/Expressions Examples/Assets/Phonemes/PhonemeBMP.asset
  artifactKey: Guid(c260ee14bd1f34ed7a14222c934ac918) Importer(815301076,1909f56bfc062723c751e8b465ee728b)
Start importing Assets/UMA/Examples/Expressions Examples/Assets/Phonemes/PhonemeBMP.asset using Guid(c260ee14bd1f34ed7a14222c934ac918) Importer(815301076,1909f56bfc062723c751e8b465ee728b)  -> (artifact id: '0402519a6c9c92876f48c8bc6e4c5018') in 0.003597 seconds 
========================================================================
Received Import Request.
  Time since last request: 0.350325 seconds.
  path: Assets/UMA/Examples/Expressions Examples/Assets/Phonemes/PhonemeCDG.asset
  artifactKey: Guid(7766aeb9e285142b6abf0efc98186e17) Importer(815301076,1909f56bfc062723c751e8b465ee728b)
Start importing Assets/UMA/Examples/Expressions Examples/Assets/Phonemes/PhonemeCDG.asset using Guid(7766aeb9e285142b6abf0efc98186e17) Importer(815301076,1909f56bfc062723c751e8b465ee728b)  -> (artifact id: '7070ea45944a0900a1cb682ac90d396c') in 0.004465 seconds 
========================================================================
Received Import Request.
  Time since last request: 0.363127 seconds.
  path: Assets/UMA/Examples/Expressions Examples/Assets/Phonemes/PhonemeEH.asset
  artifactKey: Guid(ce2227dedb1e74fe4a1f2d9584aa97c6) Importer(815301076,1909f56bfc062723c751e8b465ee728b)
Start importing Assets/UMA/Examples/Expressions Examples/Assets/Phonemes/PhonemeEH.asset using Guid(ce2227dedb1e74fe4a1f2d9584aa97c6) Importer(815301076,1909f56bfc062723c751e8b465ee728b)  -> (artifact id: 'a8713ebb78ef20d479c76aaf10ce61f5') in 0.003723 seconds 
========================================================================
Received Import Request.
  Time since last request: 0.371979 seconds.
  path: Assets/UMA/Examples/Expressions Examples/Assets/Phonemes/PhonemeFV.asset
  artifactKey: Guid(0ff77a2d2166e4d1ea35f4fe7dc73907) Importer(815301076,1909f56bfc062723c751e8b465ee728b)
Start importing Assets/UMA/Examples/Expressions Examples/Assets/Phonemes/PhonemeFV.asset using Guid(0ff77a2d2166e4d1ea35f4fe7dc73907) Importer(815301076,1909f56bfc062723c751e8b465ee728b)  -> (artifact id: 'e27aee58d4bb6c82374282ae410dcc79') in 0.003692 seconds 
========================================================================
Received Import Request.
  Time since last request: 0.404771 seconds.
  path: Assets/UMA/Examples/Expressions Examples/Assets/Phonemes/PhonemeOH.asset
  artifactKey: Guid(558f3f2f0fbad4e469c6c7837dc0879c) Importer(815301076,1909f56bfc062723c751e8b465ee728b)
Start importing Assets/UMA/Examples/Expressions Examples/Assets/Phonemes/PhonemeOH.asset using Guid(558f3f2f0fbad4e469c6c7837dc0879c) Importer(815301076,1909f56bfc062723c751e8b465ee728b)  -> (artifact id: '9bfbd0875d872b2139ea4d2e5c48e959') in 0.003406 seconds 
========================================================================
Received Import Request.
  Time since last request: 0.370259 seconds.
  path: Assets/UMA/Examples/Expressions Examples/Assets/Phonemes/PhonemeTH.asset
  artifactKey: Guid(69572ecc4685f41c1946c2b12f44bfa1) Importer(815301076,1909f56bfc062723c751e8b465ee728b)
Start importing Assets/UMA/Examples/Expressions Examples/Assets/Phonemes/PhonemeTH.asset using Guid(69572ecc4685f41c1946c2b12f44bfa1) Importer(815301076,1909f56bfc062723c751e8b465ee728b)  -> (artifact id: 'aa3e35e1fb85ade8545692249323a803') in 0.004579 seconds 
========================================================================
Received Import Request.
  Time since last request: 0.662251 seconds.
  path: Assets/UMA/Examples/Expressions Examples/Assets/Phonemes/PhonemeLL.asset
  artifactKey: Guid(4fa5f93dc6b1d4a04bf0f41bf93ffdcb) Importer(815301076,1909f56bfc062723c751e8b465ee728b)
Start importing Assets/UMA/Examples/Expressions Examples/Assets/Phonemes/PhonemeLL.asset using Guid(4fa5f93dc6b1d4a04bf0f41bf93ffdcb) Importer(815301076,1909f56bfc062723c751e8b465ee728b)  -> (artifact id: 'd52acd04b2fb02403715afe163237607') in 0.003577 seconds 
========================================================================
Received Import Request.
  Time since last request: 35.605396 seconds.
  path: Assets/Graphics/Models/eva1_Unity.fbx
  artifactKey: Guid(25578e8c437032345a911d3ff17410cd) Importer(815301076,1909f56bfc062723c751e8b465ee728b)
Start importing Assets/Graphics/Models/eva1_Unity.fbx using Guid(25578e8c437032345a911d3ff17410cd) Importer(815301076,1909f56bfc062723c751e8b465ee728b)  -> (artifact id: '067a78c9a574ab76719e86f6e4d91796') in 0.137902 seconds 
========================================================================
Received Import Request.
  Time since last request: 21.102843 seconds.
  path: Assets/Graphics/Models/Amy.fbx
  artifactKey: Guid(2ac7b890c2b066442b6cd451b7c67328) Importer(815301076,1909f56bfc062723c751e8b465ee728b)
Start importing Assets/Graphics/Models/Amy.fbx using Guid(2ac7b890c2b066442b6cd451b7c67328) Importer(815301076,1909f56bfc062723c751e8b465ee728b)  -> (artifact id: 'cc5c50e344226fbac951a95195d58fd8') in 0.576994 seconds 
========================================================================
Received Import Request.
  Time since last request: 165.567218 seconds.
  path: Assets/Graphics/Models/Amy.fbx
  artifactKey: Guid(2ac7b890c2b066442b6cd451b7c67328) Importer(815301076,1909f56bfc062723c751e8b465ee728b)
Start importing Assets/Graphics/Models/Amy.fbx using Guid(2ac7b890c2b066442b6cd451b7c67328) Importer(815301076,1909f56bfc062723c751e8b465ee728b)  -> (artifact id: 'e8558ae3377c7e83344dd35e11c2383f') in 0.501351 seconds 
========================================================================
Received Import Request.
  Time since last request: 13.638276 seconds.
  path: Assets/Graphics/Models/Amy.fbx
  artifactKey: Guid(2ac7b890c2b066442b6cd451b7c67328) Importer(815301076,1909f56bfc062723c751e8b465ee728b)
Start importing Assets/Graphics/Models/Amy.fbx using Guid(2ac7b890c2b066442b6cd451b7c67328) Importer(815301076,1909f56bfc062723c751e8b465ee728b)  -> (artifact id: 'b3271f3efa8b175b488d89f4e9730c56') in 0.490569 seconds 
========================================================================
Received Import Request.
  Time since last request: 242.854430 seconds.
  path: Assets/Graphics/Models/Amy.fbx
  artifactKey: Guid(2ac7b890c2b066442b6cd451b7c67328) Importer(815301076,1909f56bfc062723c751e8b465ee728b)
Start importing Assets/Graphics/Models/Amy.fbx using Guid(2ac7b890c2b066442b6cd451b7c67328) Importer(815301076,1909f56bfc062723c751e8b465ee728b)  -> (artifact id: '1b911ed903e2fdbaa851cd402bc6d1e6') in 0.502410 seconds 
========================================================================
Received Import Request.
  Time since last request: 39.594039 seconds.
  path: Assets/Graphics/Models/Amy.fbx
  artifactKey: Guid(2ac7b890c2b066442b6cd451b7c67328) Importer(815301076,1909f56bfc062723c751e8b465ee728b)
Start importing Assets/Graphics/Models/Amy.fbx using Guid(2ac7b890c2b066442b6cd451b7c67328) Importer(815301076,1909f56bfc062723c751e8b465ee728b)  -> (artifact id: '0011e9694ee20c8f1df0405d8a57d4d3') in 0.500001 seconds 
