Using pre-set license
Built from '2021.3/staging' branch; Version is '2021.3.2f1 (d6360bedb9a0) revision 14038539'; Using compiler version '192829333'; Build Type 'Release'
OS: 'Windows 11  (10.0.22000) 64bit Professional' Language: 'ko' Physical Memory: 32719 MB
BatchMode: 1, IsHumanControllingUs: 0, StartBugReporterOnCrash: 0, Is64bit: 1, IsPro: 1

COMMAND LINE ARGUMENTS:
C:\Program Files\Unity\Hub\Editor\2021.3.2f1\Editor\Unity.exe
-adb2
-batchMode
-noUpm
-name
AssetImportWorker0
-projectPath
C:/Users/pstfl/Documents/Unity/Metaverse_Final
-logFile
Logs/AssetImportWorker0.log
-srvPort
57159
Successfully changed project path to: C:/Users/pstfl/Documents/Unity/Metaverse_Final
C:/Users/pstfl/Documents/Unity/Metaverse_Final
[UnityMemory] Configuration Parameters - Can be set up in boot.config
    "memorysetup-bucket-allocator-granularity=16"
    "memorysetup-bucket-allocator-bucket-count=8"
    "memorysetup-bucket-allocator-block-size=33554432"
    "memorysetup-bucket-allocator-block-count=8"
    "memorysetup-main-allocator-block-size=16777216"
    "memorysetup-thread-allocator-block-size=16777216"
    "memorysetup-gfx-main-allocator-block-size=16777216"
    "memorysetup-gfx-thread-allocator-block-size=16777216"
    "memorysetup-cache-allocator-block-size=4194304"
    "memorysetup-typetree-allocator-block-size=2097152"
    "memorysetup-profiler-bucket-allocator-granularity=16"
    "memorysetup-profiler-bucket-allocator-bucket-count=8"
    "memorysetup-profiler-bucket-allocator-block-size=33554432"
    "memorysetup-profiler-bucket-allocator-block-count=8"
    "memorysetup-profiler-allocator-block-size=16777216"
    "memorysetup-profiler-editor-allocator-block-size=1048576"
    "memorysetup-temp-allocator-size-main=16777216"
    "memorysetup-job-temp-allocator-block-size=2097152"
    "memorysetup-job-temp-allocator-block-size-background=1048576"
    "memorysetup-job-temp-allocator-reduction-small-platforms=262144"
    "memorysetup-temp-allocator-size-background-worker=32768"
    "memorysetup-temp-allocator-size-job-worker=262144"
    "memorysetup-temp-allocator-size-preload-manager=33554432"
    "memorysetup-temp-allocator-size-nav-mesh-worker=65536"
    "memorysetup-temp-allocator-size-audio-worker=65536"
    "memorysetup-temp-allocator-size-cloud-worker=32768"
    "memorysetup-temp-allocator-size-gi-baking-worker=262144"
    "memorysetup-temp-allocator-size-gfx=262144"
Refreshing native plugins compatible for Editor in 90.47 ms, found 3 plugins.
Preloading 0 native plugins for Editor in 0.00 ms.
Initialize engine version: 2021.3.2f1 (d6360bedb9a0)
[Subsystems] Discovering subsystems at path C:/Program Files/Unity/Hub/Editor/2021.3.2f1/Editor/Data/Resources/UnitySubsystems
[Subsystems] Discovering subsystems at path C:/Users/pstfl/Documents/Unity/Metaverse_Final/Assets
GfxDevice: creating device client; threaded=0; jobified=0
Direct3D:
    Version:  Direct3D 11.0 [level 11.1]
    Renderer: NVIDIA GeForce RTX 2070 SUPER (ID=0x1e84)
    Vendor:   NVIDIA
    VRAM:     8012 MB
    Driver:   30.0.15.1259
Initialize mono
Mono path[0] = 'C:/Program Files/Unity/Hub/Editor/2021.3.2f1/Editor/Data/Managed'
Mono path[1] = 'C:/Program Files/Unity/Hub/Editor/2021.3.2f1/Editor/Data/MonoBleedingEdge/lib/mono/unityjit-win32'
Mono config path = 'C:/Program Files/Unity/Hub/Editor/2021.3.2f1/Editor/Data/MonoBleedingEdge/etc'
Using monoOptions --debugger-agent=transport=dt_socket,embedding=1,server=y,suspend=n,address=127.0.0.1:56764
Begin MonoManager ReloadAssembly
Registering precompiled unity dll's ...
Register platform support module: C:/Program Files/Unity/Hub/Editor/2021.3.2f1/Editor/Data/PlaybackEngines/AndroidPlayer/UnityEditor.Android.Extensions.dll
Register platform support module: C:/Program Files/Unity/Hub/Editor/2021.3.2f1/Editor/Data/PlaybackEngines/WindowsStandaloneSupport/UnityEditor.WindowsStandalone.Extensions.dll
Registered in 0.016567 seconds.
Native extension for WindowsStandalone target not found
Native extension for Android target not found
Refreshing native plugins compatible for Editor in 83.58 ms, found 3 plugins.
Preloading 0 native plugins for Editor in 0.00 ms.
Mono: successfully reloaded assembly
- Completed reload, in  0.661 seconds
Domain Reload Profiling:
	ReloadAssembly (661ms)
		BeginReloadAssembly (87ms)
			ExecutionOrderSort (0ms)
			DisableScriptedObjects (0ms)
			BackupInstance (0ms)
			ReleaseScriptingObjects (0ms)
			CreateAndSetChildDomain (1ms)
		EndReloadAssembly (448ms)
			LoadAssemblies (84ms)
			RebuildTransferFunctionScriptingTraits (0ms)
			SetupTypeCache (100ms)
			ReleaseScriptCaches (0ms)
			RebuildScriptCaches (25ms)
			SetupLoadedEditorAssemblies (273ms)
				LogAssemblyErrors (0ms)
				InitializePlatformSupportModulesInManaged (56ms)
				SetLoadedEditorAssemblies (0ms)
				RefreshPlugins (84ms)
				BeforeProcessingInitializeOnLoad (1ms)
				ProcessInitializeOnLoadAttributes (89ms)
				ProcessInitializeOnLoadMethodAttributes (43ms)
				AfterProcessingInitializeOnLoad (0ms)
				EditorAssembliesLoaded (0ms)
			ExecutionOrderSort2 (0ms)
			AwakeInstancesAfterBackupRestoration (0ms)
Platform modules already initialized, skipping
Registering precompiled user dll's ...
Registered in 0.009404 seconds.
Begin MonoManager ReloadAssembly
Symbol file LoadedFromMemory doesn't match image C:\Users\pstfl\Documents\Unity\Metaverse_Final\Library\PackageCache\com.unity.visualscripting@1.7.6\Editor\VisualScripting.Core\Dependencies\YamlDotNet\Unity.VisualScripting.YamlDotNet.dll
Symbol file LoadedFromMemory doesn't match image C:\Users\pstfl\Documents\Unity\Metaverse_Final\Library\PackageCache\com.unity.visualscripting@1.7.6\Editor\VisualScripting.Core\Dependencies\DotNetZip\Unity.VisualScripting.IonicZip.dll
Native extension for WindowsStandalone target not found
Native extension for Android target not found
Refreshing native plugins compatible for Editor in 0.65 ms, found 3 plugins.
Preloading 0 native plugins for Editor in 0.00 ms.
Mono: successfully reloaded assembly
- Completed reload, in  4.206 seconds
Domain Reload Profiling:
	ReloadAssembly (4206ms)
		BeginReloadAssembly (3314ms)
			ExecutionOrderSort (0ms)
			DisableScriptedObjects (5ms)
			BackupInstance (0ms)
			ReleaseScriptingObjects (0ms)
			CreateAndSetChildDomain (3212ms)
		EndReloadAssembly (774ms)
			LoadAssemblies (98ms)
			RebuildTransferFunctionScriptingTraits (0ms)
			SetupTypeCache (239ms)
			ReleaseScriptCaches (1ms)
			RebuildScriptCaches (45ms)
			SetupLoadedEditorAssemblies (363ms)
				LogAssemblyErrors (0ms)
				InitializePlatformSupportModulesInManaged (15ms)
				SetLoadedEditorAssemblies (0ms)
				RefreshPlugins (1ms)
				BeforeProcessingInitializeOnLoad (96ms)
				ProcessInitializeOnLoadAttributes (212ms)
				ProcessInitializeOnLoadMethodAttributes (25ms)
				AfterProcessingInitializeOnLoad (13ms)
				EditorAssembliesLoaded (0ms)
			ExecutionOrderSort2 (0ms)
			AwakeInstancesAfterBackupRestoration (9ms)
Platform modules already initialized, skipping
========================================================================
Worker process is ready to serve import requests
Launched and connected shader compiler UnityShaderCompiler.exe after 0.04 seconds
Refreshing native plugins compatible for Editor in 0.60 ms, found 3 plugins.
Preloading 0 native plugins for Editor in 0.00 ms.
Unloading 3360 Unused Serialized files (Serialized files now loaded: 0)
Unloading 26 unused Assets / (112.2 KB). Loaded Objects now: 3819.
Memory consumption went from 115.7 MB to 115.6 MB.
Total: 3.190900 ms (FindLiveObjects: 0.298700 ms CreateObjectMapping: 0.095900 ms MarkObjects: 2.691000 ms  DeleteObjects: 0.104100 ms)

AssetImportParameters requested are different than current active one (requested -> active):
  custom:video-decoder-ogg-theora: a1e56fd34408186e4bbccfd4996cb3dc -> 
  custom:container-muxer-webm: aa71ff27fc2769a1b78a27578f13a17b -> 
  custom:container-demuxer-webm: 4f35f7cbe854078d1ac9338744f61a02 -> 
  custom:video-encoder-webm-vp8: eb34c28f22e8b96e1ab97ce403110664 -> 
  custom:audio-encoder-webm-vorbis: bf7c407c2cedff20999df2af8eb42d56 -> 
  custom:framework-win-MediaFoundation: 216162199b28c13a410421893ffa2e32 -> 
  custom:container-demuxer-ogg: 62fdf1f143b41e24485cea50d1cbac27 -> 
  custom:video-decoder-webm-vp8: 9c59270c3fd7afecdb556c50c9e8de78 -> 
  custom:audio-decoder-ogg-vorbis: bf7c407c2cedff20999df2af8eb42d56 -> 
========================================================================
Received Import Request.
  Time since last request: 15044.318692 seconds.
  path: Assets/Graphics/Animations
  artifactKey: Guid(704eeae82f7385f48bbcc0112eace701) Importer(815301076,1909f56bfc062723c751e8b465ee728b)
Start importing Assets/Graphics/Animations using Guid(704eeae82f7385f48bbcc0112eace701) Importer(815301076,1909f56bfc062723c751e8b465ee728b)  -> (artifact id: 'b617a3af710cec0a6884879a81268587') in 0.008022 seconds 
========================================================================
Received Import Request.
  Time since last request: 5.971274 seconds.
  path: Assets/Graphics/Animation Controllers
  artifactKey: Guid(31b433c1a3631044abb1fd3b336997ed) Importer(815301076,1909f56bfc062723c751e8b465ee728b)
Start importing Assets/Graphics/Animation Controllers using Guid(31b433c1a3631044abb1fd3b336997ed) Importer(815301076,1909f56bfc062723c751e8b465ee728b)  -> (artifact id: '6bf2ba2f2aa4ac03b2f0686af320afc0') in 0.002309 seconds 
========================================================================
Received Import Request.
  Time since last request: 4.077938 seconds.
  path: Assets/Graphics/Models
  artifactKey: Guid(05e60f14901913740b13ecd989bebdab) Importer(815301076,1909f56bfc062723c751e8b465ee728b)
Start importing Assets/Graphics/Models using Guid(05e60f14901913740b13ecd989bebdab) Importer(815301076,1909f56bfc062723c751e8b465ee728b)  -> (artifact id: '8ed0d0df8ba6bbaf8b4adb7c28248f97') in 0.002269 seconds 
========================================================================
Received Import Request.
  Time since last request: 1.472447 seconds.
  path: Assets
  artifactKey: Guid(00000000000000001000000000000000) Importer(815301076,1909f56bfc062723c751e8b465ee728b)
Start importing Assets using Guid(00000000000000001000000000000000) Importer(815301076,1909f56bfc062723c751e8b465ee728b)  -> (artifact id: '79842766b460edbeab6a34051e857a80') in 0.002094 seconds 
========================================================================
Received Import Request.
  Time since last request: 3.598810 seconds.
  path: Assets/Scripts
  artifactKey: Guid(30f41790d2afc6b4e8e8b9c9217fc940) Importer(815301076,1909f56bfc062723c751e8b465ee728b)
Start importing Assets/Scripts using Guid(30f41790d2afc6b4e8e8b9c9217fc940) Importer(815301076,1909f56bfc062723c751e8b465ee728b)  -> (artifact id: 'a016a1f313db0d490b9e4a8a5f6a332f') in 0.002655 seconds 
========================================================================
Received Import Request.
  Time since last request: 815.783913 seconds.
  path: Assets/Graphics/Models/Amy.fbx
  artifactKey: Guid(2ac7b890c2b066442b6cd451b7c67328) Importer(815301076,1909f56bfc062723c751e8b465ee728b)
Start importing Assets/Graphics/Models/Amy.fbx using Guid(2ac7b890c2b066442b6cd451b7c67328) Importer(815301076,1909f56bfc062723c751e8b465ee728b)  -> (artifact id: 'a91b62cbc566bc724493ecaa13f677c9') in 1.243307 seconds 
========================================================================
Received Import Request.
  Time since last request: 32.381295 seconds.
  path: Assets/Graphics/Models/Amy.fbx
  artifactKey: Guid(2ac7b890c2b066442b6cd451b7c67328) Importer(815301076,1909f56bfc062723c751e8b465ee728b)
Start importing Assets/Graphics/Models/Amy.fbx using Guid(2ac7b890c2b066442b6cd451b7c67328) Importer(815301076,1909f56bfc062723c751e8b465ee728b)  -> (artifact id: 'a59b01f93a74689f12271b785d45f86f') in 0.684292 seconds 
========================================================================
Received Import Request.
  Time since last request: 4.166208 seconds.
  path: Assets/Graphics/Models/Amy.fbx
  artifactKey: Guid(2ac7b890c2b066442b6cd451b7c67328) Importer(815301076,1909f56bfc062723c751e8b465ee728b)
Start importing Assets/Graphics/Models/Amy.fbx using Guid(2ac7b890c2b066442b6cd451b7c67328) Importer(815301076,1909f56bfc062723c751e8b465ee728b)  -> (artifact id: '3586d2df17a7c15d0034aaeef87fd5e4') in 0.480346 seconds 
========================================================================
Received Import Request.
  Time since last request: 109.707270 seconds.
  path: Assets/Graphics/Models/Materials
  artifactKey: Guid(90af594017e992a4cb92168769da60e5) Importer(815301076,1909f56bfc062723c751e8b465ee728b)
Start importing Assets/Graphics/Models/Materials using Guid(90af594017e992a4cb92168769da60e5) Importer(815301076,1909f56bfc062723c751e8b465ee728b)  -> (artifact id: '6d36f6aaee5772a73011e47f3886b889') in 0.002211 seconds 
========================================================================
Received Import Request.
  Time since last request: 0.525141 seconds.
  path: Assets/Graphics/Models/Amy.fbm
  artifactKey: Guid(a2ba3e1b5148518429720647499bb6ff) Importer(815301076,1909f56bfc062723c751e8b465ee728b)
Start importing Assets/Graphics/Models/Amy.fbm using Guid(a2ba3e1b5148518429720647499bb6ff) Importer(815301076,1909f56bfc062723c751e8b465ee728b)  -> (artifact id: '79195fbab0249488ba4cfe0d009c8301') in 0.002194 seconds 
========================================================================
Received Import Request.
  Time since last request: 0.036356 seconds.
  path: Assets/Graphics/Models/Amy.fbm/mRockerArmbands01.jpg
  artifactKey: Guid(38b12137b33b9ee45976d640ccffcc8d) Importer(815301076,1909f56bfc062723c751e8b465ee728b)
Start importing Assets/Graphics/Models/Amy.fbm/mRockerArmbands01.jpg using Guid(38b12137b33b9ee45976d640ccffcc8d) Importer(815301076,1909f56bfc062723c751e8b465ee728b)  -> (artifact id: '917b541d8fc42bcde06ef2083e8e5cb7') in 0.034451 seconds 
========================================================================
Received Import Request.
  Time since last request: 0.002327 seconds.
  path: Assets/Graphics/Models/Amy.fbm/mRockerNecklace01.jpg
  artifactKey: Guid(b0c9d06439784a04d97f55f1c140b530) Importer(815301076,1909f56bfc062723c751e8b465ee728b)
Start importing Assets/Graphics/Models/Amy.fbm/mRockerNecklace01.jpg using Guid(b0c9d06439784a04d97f55f1c140b530) Importer(815301076,1909f56bfc062723c751e8b465ee728b)  -> (artifact id: 'a85b29f9f998681f931e69e50244bda6') in 0.013362 seconds 
========================================================================
Received Import Request.
  Time since last request: 0.000029 seconds.
  path: Assets/Graphics/Models/Amy.fbm/SW_Toulouse_01.jpg
  artifactKey: Guid(7455431edac3d9944b51f08938a3a7ce) Importer(815301076,1909f56bfc062723c751e8b465ee728b)
Start importing Assets/Graphics/Models/Amy.fbm/SW_Toulouse_01.jpg using Guid(7455431edac3d9944b51f08938a3a7ce) Importer(815301076,1909f56bfc062723c751e8b465ee728b)  -> (artifact id: 'e0aa9aff5332db1bb3df292cacdea852') in 0.024268 seconds 
========================================================================
Received Import Request.
  Time since last request: 0.000032 seconds.
  path: Assets/Graphics/Models/Amy.fbm/SW_ToulouseT_Base_TR.jpg
  artifactKey: Guid(b7aebf3800b2faa4e8458aab7ea17ac8) Importer(815301076,1909f56bfc062723c751e8b465ee728b)
Start importing Assets/Graphics/Models/Amy.fbm/SW_ToulouseT_Base_TR.jpg using Guid(b7aebf3800b2faa4e8458aab7ea17ac8) Importer(815301076,1909f56bfc062723c751e8b465ee728b)  -> (artifact id: '18819f3c63b2c4e00b8ae9c99d648504') in 0.013989 seconds 
========================================================================
Received Import Request.
  Time since last request: 0.000022 seconds.
  path: Assets/Graphics/Models/Amy.fbm/mRockerShoes01.jpg
  artifactKey: Guid(1b751b35a0f5fa749b0fe20fc7247281) Importer(815301076,1909f56bfc062723c751e8b465ee728b)
Start importing Assets/Graphics/Models/Amy.fbm/mRockerShoes01.jpg using Guid(1b751b35a0f5fa749b0fe20fc7247281) Importer(815301076,1909f56bfc062723c751e8b465ee728b)  -> (artifact id: '81e6c6e8cbdc321204ae3a5bac127ad1') in 0.013457 seconds 
========================================================================
Received Import Request.
  Time since last request: 0.000027 seconds.
  path: Assets/Graphics/Models/Amy.fbm/mRockerSkirt01.jpg
  artifactKey: Guid(28096f5c4a238e44d95b0d88fc13376b) Importer(815301076,1909f56bfc062723c751e8b465ee728b)
Start importing Assets/Graphics/Models/Amy.fbm/mRockerSkirt01.jpg using Guid(28096f5c4a238e44d95b0d88fc13376b) Importer(815301076,1909f56bfc062723c751e8b465ee728b)  -> (artifact id: '346ea3ce1434b4ee3decfac6a1d0c13b') in 0.016816 seconds 
========================================================================
Received Import Request.
  Time since last request: 0.000023 seconds.
  path: Assets/Graphics/Models/Amy.fbm/mRockerChoker01.jpg
  artifactKey: Guid(064d6b942d96e7f4ebe3467021befbda) Importer(815301076,1909f56bfc062723c751e8b465ee728b)
Start importing Assets/Graphics/Models/Amy.fbm/mRockerChoker01.jpg using Guid(064d6b942d96e7f4ebe3467021befbda) Importer(815301076,1909f56bfc062723c751e8b465ee728b)  -> (artifact id: '8ef440b89ad318515ecdf5659dd7524d') in 0.014731 seconds 
========================================================================
Received Import Request.
  Time since last request: 0.000027 seconds.
  path: Assets/Graphics/Models/Amy.fbm/RyJeane_eyerefl01_1008.jpg
  artifactKey: Guid(e7ee63410d3ed47458cf6f2168c0f5d9) Importer(815301076,1909f56bfc062723c751e8b465ee728b)
Start importing Assets/Graphics/Models/Amy.fbm/RyJeane_eyerefl01_1008.jpg using Guid(e7ee63410d3ed47458cf6f2168c0f5d9) Importer(815301076,1909f56bfc062723c751e8b465ee728b)  -> (artifact id: 'd51115981a8575246bfcfbdacd9f1fb3') in 0.012224 seconds 
========================================================================
Received Import Request.
  Time since last request: 0.000016 seconds.
  path: Assets/Graphics/Models/Amy.fbm/mRockerSkirt01S.jpg
  artifactKey: Guid(87d6eab942f33a1468283d117dc6ef03) Importer(815301076,1909f56bfc062723c751e8b465ee728b)
Start importing Assets/Graphics/Models/Amy.fbm/mRockerSkirt01S.jpg using Guid(87d6eab942f33a1468283d117dc6ef03) Importer(815301076,1909f56bfc062723c751e8b465ee728b)  -> (artifact id: '686b35d7d7dbef251247356ff346a660') in 0.012253 seconds 
========================================================================
Received Import Request.
  Time since last request: 0.000018 seconds.
  path: Assets/Graphics/Models/Amy.fbm/mRockerShirt01.jpg
  artifactKey: Guid(41ae4baee5a620a4dbc25e78a30244a1) Importer(815301076,1909f56bfc062723c751e8b465ee728b)
Start importing Assets/Graphics/Models/Amy.fbm/mRockerShirt01.jpg using Guid(41ae4baee5a620a4dbc25e78a30244a1) Importer(815301076,1909f56bfc062723c751e8b465ee728b)  -> (artifact id: '8df9861cd2c038c531d847a5834120e8') in 0.014505 seconds 
========================================================================
Received Import Request.
  Time since last request: 0.000018 seconds.
  path: Assets/Graphics/Models/Amy.fbm/RyJeane_legs_1003.jpg
  artifactKey: Guid(f8958788edf03264292b56e3bfab00b0) Importer(815301076,1909f56bfc062723c751e8b465ee728b)
Start importing Assets/Graphics/Models/Amy.fbm/RyJeane_legs_1003.jpg using Guid(f8958788edf03264292b56e3bfab00b0) Importer(815301076,1909f56bfc062723c751e8b465ee728b)  -> (artifact id: '507fac100bc6c18ef18a9d2992e579dc') in 0.019260 seconds 
========================================================================
Received Import Request.
  Time since last request: 0.000017 seconds.
  path: Assets/Graphics/Models/Amy.fbm/mRockerNecklace01B.jpg
  artifactKey: Guid(746999cdf3f4a42448786b12a6d218e6) Importer(815301076,1909f56bfc062723c751e8b465ee728b)
Start importing Assets/Graphics/Models/Amy.fbm/mRockerNecklace01B.jpg using Guid(746999cdf3f4a42448786b12a6d218e6) Importer(815301076,1909f56bfc062723c751e8b465ee728b)  -> (artifact id: '870b971110daac6dee8da432b010edaa') in 0.023418 seconds 
========================================================================
Received Import Request.
  Time since last request: 0.000025 seconds.
  path: Assets/Graphics/Models/Amy.fbm/RyJeane_eyes01_1007.jpg
  artifactKey: Guid(0b53e384cc4c91f44b41bdac8a5499e8) Importer(815301076,1909f56bfc062723c751e8b465ee728b)
Start importing Assets/Graphics/Models/Amy.fbm/RyJeane_eyes01_1007.jpg using Guid(0b53e384cc4c91f44b41bdac8a5499e8) Importer(815301076,1909f56bfc062723c751e8b465ee728b)  -> (artifact id: '475b6245e395248126e3883e8c850203') in 0.011793 seconds 
========================================================================
Received Import Request.
  Time since last request: 0.000018 seconds.
  path: Assets/Graphics/Models/Amy.fbm/mRockerArmbands01S.jpg
  artifactKey: Guid(f090847e94675954499f5d72da6155b1) Importer(815301076,1909f56bfc062723c751e8b465ee728b)
Start importing Assets/Graphics/Models/Amy.fbm/mRockerArmbands01S.jpg using Guid(f090847e94675954499f5d72da6155b1) Importer(815301076,1909f56bfc062723c751e8b465ee728b)  -> (artifact id: 'e55c80686727e32779812e2c39c61ad2') in 0.010662 seconds 
========================================================================
Received Import Request.
  Time since last request: 0.000021 seconds.
  path: Assets/Graphics/Models/Amy.fbm/mRockerShirt01S.jpg
  artifactKey: Guid(e885c81f2042b644d8df5e70f51f17c2) Importer(815301076,1909f56bfc062723c751e8b465ee728b)
Start importing Assets/Graphics/Models/Amy.fbm/mRockerShirt01S.jpg using Guid(e885c81f2042b644d8df5e70f51f17c2) Importer(815301076,1909f56bfc062723c751e8b465ee728b)  -> (artifact id: 'aa6fa6c74338617c9cb67acfa1b8e88a') in 0.013115 seconds 
========================================================================
Received Import Request.
  Time since last request: 0.000019 seconds.
  path: Assets/Graphics/Models/Amy.fbm/RyJeane_arms_1004.jpg
  artifactKey: Guid(6f5fece65f7a12242a4a96a7e89d19e3) Importer(815301076,1909f56bfc062723c751e8b465ee728b)
Start importing Assets/Graphics/Models/Amy.fbm/RyJeane_arms_1004.jpg using Guid(6f5fece65f7a12242a4a96a7e89d19e3) Importer(815301076,1909f56bfc062723c751e8b465ee728b)  -> (artifact id: '1039deff92b465696062c6b3acea9e3b') in 0.013248 seconds 
========================================================================
Received Import Request.
  Time since last request: 0.000021 seconds.
  path: Assets/Graphics/Models/Amy.fbm/RyJeane_torso_1002.jpg
  artifactKey: Guid(d96247377254d6948b2fd89b2dc33357) Importer(815301076,1909f56bfc062723c751e8b465ee728b)
Start importing Assets/Graphics/Models/Amy.fbm/RyJeane_torso_1002.jpg using Guid(d96247377254d6948b2fd89b2dc33357) Importer(815301076,1909f56bfc062723c751e8b465ee728b)  -> (artifact id: 'e667082ca9f4bdf90f993fe3e60584a7') in 0.011407 seconds 
========================================================================
Received Import Request.
  Time since last request: 4.863152 seconds.
  path: Assets/Graphics/Models/Materials/Eyelashes.mat
  artifactKey: Guid(1c8b34d7cf140864c92503be437aeba4) Importer(815301076,1909f56bfc062723c751e8b465ee728b)
Start importing Assets/Graphics/Models/Materials/Eyelashes.mat using Guid(1c8b34d7cf140864c92503be437aeba4) Importer(815301076,1909f56bfc062723c751e8b465ee728b)  -> (artifact id: '90d9e9a8449c9b8f18d6cdbf09b5c415') in 0.015597 seconds 
========================================================================
Received Import Request.
  Time since last request: 0.000017 seconds.
  path: Assets/Graphics/Models/Materials/SW_Toulouse_01.mat
  artifactKey: Guid(e3cf7608bba92a64e9c0e585cfa0d47d) Importer(815301076,1909f56bfc062723c751e8b465ee728b)
Start importing Assets/Graphics/Models/Materials/SW_Toulouse_01.mat using Guid(e3cf7608bba92a64e9c0e585cfa0d47d) Importer(815301076,1909f56bfc062723c751e8b465ee728b)  -> (artifact id: '747d7372ca90dcd5a4e984b2855a4014') in 0.016702 seconds 
========================================================================
Received Import Request.
  Time since last request: 0.000018 seconds.
  path: Assets/Graphics/Models/Materials/mRockerShoes01.mat
  artifactKey: Guid(7ee07dcd170878349a50a6ae67412499) Importer(815301076,1909f56bfc062723c751e8b465ee728b)
Start importing Assets/Graphics/Models/Materials/mRockerShoes01.mat using Guid(7ee07dcd170878349a50a6ae67412499) Importer(815301076,1909f56bfc062723c751e8b465ee728b)  -> (artifact id: '00cf542829f86ee457bddf17cea78e46') in 0.012959 seconds 
========================================================================
Received Import Request.
  Time since last request: 0.000032 seconds.
  path: Assets/Graphics/Models/Materials/RyJeane_legs_1003.mat
  artifactKey: Guid(17e2217f0310539428f1452f506132ad) Importer(815301076,1909f56bfc062723c751e8b465ee728b)
Start importing Assets/Graphics/Models/Materials/RyJeane_legs_1003.mat using Guid(17e2217f0310539428f1452f506132ad) Importer(815301076,1909f56bfc062723c751e8b465ee728b)  -> (artifact id: '9efb2982b5aae3e8ff476b159765ed48') in 0.011960 seconds 
========================================================================
Received Import Request.
  Time since last request: 0.000017 seconds.
  path: Assets/Graphics/Models/Materials/RyJeane_face_1001.mat
  artifactKey: Guid(1948afd136d827840bd8b1a8a5ac1207) Importer(815301076,1909f56bfc062723c751e8b465ee728b)
Start importing Assets/Graphics/Models/Materials/RyJeane_face_1001.mat using Guid(1948afd136d827840bd8b1a8a5ac1207) Importer(815301076,1909f56bfc062723c751e8b465ee728b)  -> (artifact id: '38d485479aafeb0b2395dcc059fecd13') in 0.011452 seconds 
========================================================================
Received Import Request.
  Time since last request: 0.000019 seconds.
  path: Assets/Graphics/Models/Materials/RyJeane_eyes01_1007.mat
  artifactKey: Guid(2a6ef605b9672f649ba653fa95d54bff) Importer(815301076,1909f56bfc062723c751e8b465ee728b)
Start importing Assets/Graphics/Models/Materials/RyJeane_eyes01_1007.mat using Guid(2a6ef605b9672f649ba653fa95d54bff) Importer(815301076,1909f56bfc062723c751e8b465ee728b)  -> (artifact id: '75ecfabf86cef8680cdb7f9144c957de') in 0.013549 seconds 
========================================================================
Received Import Request.
  Time since last request: 0.000018 seconds.
  path: Assets/Graphics/Models/Materials/mRockerNecklace01.mat
  artifactKey: Guid(5a026b44e639af4489b231c0a5b8059b) Importer(815301076,1909f56bfc062723c751e8b465ee728b)
Start importing Assets/Graphics/Models/Materials/mRockerNecklace01.mat using Guid(5a026b44e639af4489b231c0a5b8059b) Importer(815301076,1909f56bfc062723c751e8b465ee728b)  -> (artifact id: 'b853cd2bf24bfa943ac8332b71417c83') in 0.018048 seconds 
========================================================================
Received Import Request.
  Time since last request: 0.000032 seconds.
  path: Assets/Graphics/Models/Materials/RyJeane_torso_1002.mat
  artifactKey: Guid(ea3b77a34a23dab438b8abc3eb447b17) Importer(815301076,1909f56bfc062723c751e8b465ee728b)
Start importing Assets/Graphics/Models/Materials/RyJeane_torso_1002.mat using Guid(ea3b77a34a23dab438b8abc3eb447b17) Importer(815301076,1909f56bfc062723c751e8b465ee728b)  -> (artifact id: '59aebf81dda8b5e7733840ea9f090b53') in 0.012801 seconds 
========================================================================
Received Import Request.
  Time since last request: 0.000019 seconds.
  path: Assets/Graphics/Models/Materials/SW_Toulouse_01B.mat
  artifactKey: Guid(e4b9259bbd8649442a37f0f4af2a4ab5) Importer(815301076,1909f56bfc062723c751e8b465ee728b)
Start importing Assets/Graphics/Models/Materials/SW_Toulouse_01B.mat using Guid(e4b9259bbd8649442a37f0f4af2a4ab5) Importer(815301076,1909f56bfc062723c751e8b465ee728b)  -> (artifact id: '8d9e6e4dfc1f431317a0e3e23b7cffbf') in 0.012730 seconds 
========================================================================
Received Import Request.
  Time since last request: 0.000029 seconds.
  path: Assets/Graphics/Models/Materials/mRockerArmbands01.mat
  artifactKey: Guid(e5caef1a9ead29545b9d9bfe245382ee) Importer(815301076,1909f56bfc062723c751e8b465ee728b)
Start importing Assets/Graphics/Models/Materials/mRockerArmbands01.mat using Guid(e5caef1a9ead29545b9d9bfe245382ee) Importer(815301076,1909f56bfc062723c751e8b465ee728b)  -> (artifact id: 'f5434a3f8f2077c8537a5ccf398cecb1') in 0.012460 seconds 
========================================================================
Received Import Request.
  Time since last request: 0.000023 seconds.
  path: Assets/Graphics/Models/Materials/mRockerChoker01.mat
  artifactKey: Guid(cecdbc103caf0144b82222de98c0ffe4) Importer(815301076,1909f56bfc062723c751e8b465ee728b)
Start importing Assets/Graphics/Models/Materials/mRockerChoker01.mat using Guid(cecdbc103caf0144b82222de98c0ffe4) Importer(815301076,1909f56bfc062723c751e8b465ee728b)  -> (artifact id: '50011c9f2476383f0b930946c5230d75') in 0.019582 seconds 
========================================================================
Received Import Request.
  Time since last request: 0.000018 seconds.
  path: Assets/Graphics/Models/Materials/mRockerThong01.mat
  artifactKey: Guid(93c3b01797b5dec43b5979de4bab8636) Importer(815301076,1909f56bfc062723c751e8b465ee728b)
Start importing Assets/Graphics/Models/Materials/mRockerThong01.mat using Guid(93c3b01797b5dec43b5979de4bab8636) Importer(815301076,1909f56bfc062723c751e8b465ee728b)  -> (artifact id: 'b8e6a5dfd1360aa524a4357152151eed') in 0.012819 seconds 
Editor requested this worker to shutdown with reason: Scaling down because of idle timeout
AssetImportWorker is now disconnected from the server
Process exiting
Exiting without the bug reporter. Application will terminate with return code 0