Using pre-set license
Built from '2021.3/staging' branch; Version is '2021.3.2f1 (d6360bedb9a0) revision 14038539'; Using compiler version '192829333'; Build Type 'Release'
OS: 'Windows 11  (10.0.22000) 64bit Professional' Language: 'ko' Physical Memory: 32719 MB
BatchMode: 1, IsHumanControllingUs: 0, StartBugReporterOnCrash: 0, Is64bit: 1, IsPro: 1

COMMAND LINE ARGUMENTS:
C:\Program Files\Unity\Hub\Editor\2021.3.2f1\Editor\Unity.exe
-adb2
-batchMode
-noUpm
-name
AssetImportWorker1
-projectPath
C:/Users/pstfl/Documents/Unity/Metaverse_Final
-logFile
Logs/AssetImportWorker1.log
-srvPort
57159
Successfully changed project path to: C:/Users/pstfl/Documents/Unity/Metaverse_Final
C:/Users/pstfl/Documents/Unity/Metaverse_Final
[UnityMemory] Configuration Parameters - Can be set up in boot.config
    "memorysetup-bucket-allocator-granularity=16"
    "memorysetup-bucket-allocator-bucket-count=8"
    "memorysetup-bucket-allocator-block-size=33554432"
    "memorysetup-bucket-allocator-block-count=8"
    "memorysetup-main-allocator-block-size=16777216"
    "memorysetup-thread-allocator-block-size=16777216"
    "memorysetup-gfx-main-allocator-block-size=16777216"
    "memorysetup-gfx-thread-allocator-block-size=16777216"
    "memorysetup-cache-allocator-block-size=4194304"
    "memorysetup-typetree-allocator-block-size=2097152"
    "memorysetup-profiler-bucket-allocator-granularity=16"
    "memorysetup-profiler-bucket-allocator-bucket-count=8"
    "memorysetup-profiler-bucket-allocator-block-size=33554432"
    "memorysetup-profiler-bucket-allocator-block-count=8"
    "memorysetup-profiler-allocator-block-size=16777216"
    "memorysetup-profiler-editor-allocator-block-size=1048576"
    "memorysetup-temp-allocator-size-main=16777216"
    "memorysetup-job-temp-allocator-block-size=2097152"
    "memorysetup-job-temp-allocator-block-size-background=1048576"
    "memorysetup-job-temp-allocator-reduction-small-platforms=262144"
    "memorysetup-temp-allocator-size-background-worker=32768"
    "memorysetup-temp-allocator-size-job-worker=262144"
    "memorysetup-temp-allocator-size-preload-manager=33554432"
    "memorysetup-temp-allocator-size-nav-mesh-worker=65536"
    "memorysetup-temp-allocator-size-audio-worker=65536"
    "memorysetup-temp-allocator-size-cloud-worker=32768"
    "memorysetup-temp-allocator-size-gi-baking-worker=262144"
    "memorysetup-temp-allocator-size-gfx=262144"
Refreshing native plugins compatible for Editor in 87.59 ms, found 3 plugins.
Preloading 0 native plugins for Editor in 0.00 ms.
Initialize engine version: 2021.3.2f1 (d6360bedb9a0)
[Subsystems] Discovering subsystems at path C:/Program Files/Unity/Hub/Editor/2021.3.2f1/Editor/Data/Resources/UnitySubsystems
[Subsystems] Discovering subsystems at path C:/Users/pstfl/Documents/Unity/Metaverse_Final/Assets
GfxDevice: creating device client; threaded=0; jobified=0
Direct3D:
    Version:  Direct3D 11.0 [level 11.1]
    Renderer: NVIDIA GeForce RTX 2070 SUPER (ID=0x1e84)
    Vendor:   NVIDIA
    VRAM:     8012 MB
    Driver:   30.0.15.1259
Initialize mono
Mono path[0] = 'C:/Program Files/Unity/Hub/Editor/2021.3.2f1/Editor/Data/Managed'
Mono path[1] = 'C:/Program Files/Unity/Hub/Editor/2021.3.2f1/Editor/Data/MonoBleedingEdge/lib/mono/unityjit-win32'
Mono config path = 'C:/Program Files/Unity/Hub/Editor/2021.3.2f1/Editor/Data/MonoBleedingEdge/etc'
Using monoOptions --debugger-agent=transport=dt_socket,embedding=1,server=y,suspend=n,address=127.0.0.1:56232
Begin MonoManager ReloadAssembly
Registering precompiled unity dll's ...
Register platform support module: C:/Program Files/Unity/Hub/Editor/2021.3.2f1/Editor/Data/PlaybackEngines/AndroidPlayer/UnityEditor.Android.Extensions.dll
Register platform support module: C:/Program Files/Unity/Hub/Editor/2021.3.2f1/Editor/Data/PlaybackEngines/WindowsStandaloneSupport/UnityEditor.WindowsStandalone.Extensions.dll
Registered in 0.016170 seconds.
Native extension for WindowsStandalone target not found
Native extension for Android target not found
Refreshing native plugins compatible for Editor in 83.84 ms, found 3 plugins.
Preloading 0 native plugins for Editor in 0.00 ms.
Mono: successfully reloaded assembly
- Completed reload, in  0.656 seconds
Domain Reload Profiling:
	ReloadAssembly (656ms)
		BeginReloadAssembly (84ms)
			ExecutionOrderSort (0ms)
			DisableScriptedObjects (0ms)
			BackupInstance (0ms)
			ReleaseScriptingObjects (0ms)
			CreateAndSetChildDomain (1ms)
		EndReloadAssembly (448ms)
			LoadAssemblies (82ms)
			RebuildTransferFunctionScriptingTraits (0ms)
			SetupTypeCache (100ms)
			ReleaseScriptCaches (0ms)
			RebuildScriptCaches (26ms)
			SetupLoadedEditorAssemblies (272ms)
				LogAssemblyErrors (0ms)
				InitializePlatformSupportModulesInManaged (54ms)
				SetLoadedEditorAssemblies (0ms)
				RefreshPlugins (84ms)
				BeforeProcessingInitializeOnLoad (1ms)
				ProcessInitializeOnLoadAttributes (89ms)
				ProcessInitializeOnLoadMethodAttributes (44ms)
				AfterProcessingInitializeOnLoad (0ms)
				EditorAssembliesLoaded (0ms)
			ExecutionOrderSort2 (0ms)
			AwakeInstancesAfterBackupRestoration (0ms)
Platform modules already initialized, skipping
Registering precompiled user dll's ...
Registered in 0.009546 seconds.
Begin MonoManager ReloadAssembly
Symbol file LoadedFromMemory doesn't match image C:\Users\pstfl\Documents\Unity\Metaverse_Final\Library\PackageCache\com.unity.visualscripting@1.7.6\Editor\VisualScripting.Core\Dependencies\YamlDotNet\Unity.VisualScripting.YamlDotNet.dll
Symbol file LoadedFromMemory doesn't match image C:\Users\pstfl\Documents\Unity\Metaverse_Final\Library\PackageCache\com.unity.visualscripting@1.7.6\Editor\VisualScripting.Core\Dependencies\DotNetZip\Unity.VisualScripting.IonicZip.dll
Native extension for WindowsStandalone target not found
Native extension for Android target not found
Refreshing native plugins compatible for Editor in 0.67 ms, found 3 plugins.
Preloading 0 native plugins for Editor in 0.00 ms.
Mono: successfully reloaded assembly
- Completed reload, in  2.220 seconds
Domain Reload Profiling:
	ReloadAssembly (2221ms)
		BeginReloadAssembly (1330ms)
			ExecutionOrderSort (0ms)
			DisableScriptedObjects (6ms)
			BackupInstance (0ms)
			ReleaseScriptingObjects (0ms)
			CreateAndSetChildDomain (1229ms)
		EndReloadAssembly (772ms)
			LoadAssemblies (98ms)
			RebuildTransferFunctionScriptingTraits (0ms)
			SetupTypeCache (247ms)
			ReleaseScriptCaches (1ms)
			RebuildScriptCaches (45ms)
			SetupLoadedEditorAssemblies (355ms)
				LogAssemblyErrors (0ms)
				InitializePlatformSupportModulesInManaged (15ms)
				SetLoadedEditorAssemblies (0ms)
				RefreshPlugins (1ms)
				BeforeProcessingInitializeOnLoad (97ms)
				ProcessInitializeOnLoadAttributes (206ms)
				ProcessInitializeOnLoadMethodAttributes (25ms)
				AfterProcessingInitializeOnLoad (12ms)
				EditorAssembliesLoaded (0ms)
			ExecutionOrderSort2 (0ms)
			AwakeInstancesAfterBackupRestoration (8ms)
Platform modules already initialized, skipping
========================================================================
Worker process is ready to serve import requests
Launched and connected shader compiler UnityShaderCompiler.exe after 0.04 seconds
Refreshing native plugins compatible for Editor in 0.61 ms, found 3 plugins.
Preloading 0 native plugins for Editor in 0.00 ms.
Unloading 3360 Unused Serialized files (Serialized files now loaded: 0)
Unloading 26 unused Assets / (112.2 KB). Loaded Objects now: 3819.
Memory consumption went from 115.7 MB to 115.6 MB.
Total: 3.103500 ms (FindLiveObjects: 0.267500 ms CreateObjectMapping: 0.098500 ms MarkObjects: 2.632700 ms  DeleteObjects: 0.103800 ms)

AssetImportParameters requested are different than current active one (requested -> active):
  custom:video-decoder-ogg-theora: a1e56fd34408186e4bbccfd4996cb3dc -> 
  custom:container-muxer-webm: aa71ff27fc2769a1b78a27578f13a17b -> 
  custom:container-demuxer-webm: 4f35f7cbe854078d1ac9338744f61a02 -> 
  custom:video-encoder-webm-vp8: eb34c28f22e8b96e1ab97ce403110664 -> 
  custom:audio-encoder-webm-vorbis: bf7c407c2cedff20999df2af8eb42d56 -> 
  custom:framework-win-MediaFoundation: 216162199b28c13a410421893ffa2e32 -> 
  custom:container-demuxer-ogg: 62fdf1f143b41e24485cea50d1cbac27 -> 
  custom:video-decoder-webm-vp8: 9c59270c3fd7afecdb556c50c9e8de78 -> 
  custom:audio-decoder-ogg-vorbis: bf7c407c2cedff20999df2af8eb42d56 -> 
========================================================================
Received Import Request.
  Time since last request: 15041.372515 seconds.
  path: Assets/Graphics
  artifactKey: Guid(2ba45288d6c70374b8a04a846435e72c) Importer(815301076,1909f56bfc062723c751e8b465ee728b)
Start importing Assets/Graphics using Guid(2ba45288d6c70374b8a04a846435e72c) Importer(815301076,1909f56bfc062723c751e8b465ee728b)  -> (artifact id: '992e2f9cf00c744afc0878bf6bda50fd') in 0.007717 seconds 
========================================================================
Received Import Request.
  Time since last request: 983.177861 seconds.
  path: Assets/Graphics/Models/Amy.fbm/mRockerArmbands01B.jpg
  artifactKey: Guid(87dafcbf92bdccc4194e28827b81abeb) Importer(815301076,1909f56bfc062723c751e8b465ee728b)
Start importing Assets/Graphics/Models/Amy.fbm/mRockerArmbands01B.jpg using Guid(87dafcbf92bdccc4194e28827b81abeb) Importer(815301076,1909f56bfc062723c751e8b465ee728b)  -> (artifact id: '214e5d19f1fca171bf073d4fa62b334e') in 0.087009 seconds 
========================================================================
Received Import Request.
  Time since last request: 0.000031 seconds.
  path: Assets/Graphics/Models/Amy.fbm/mRockerShirtT.jpg
  artifactKey: Guid(d01fef5396e473644b1ee1c7991ba785) Importer(815301076,1909f56bfc062723c751e8b465ee728b)
Start importing Assets/Graphics/Models/Amy.fbm/mRockerShirtT.jpg using Guid(d01fef5396e473644b1ee1c7991ba785) Importer(815301076,1909f56bfc062723c751e8b465ee728b)  -> (artifact id: '3d58d2ec715161f16747eb1f781d005d') in 0.016134 seconds 
========================================================================
Received Import Request.
  Time since last request: 0.000035 seconds.
  path: Assets/Graphics/Models/Amy.fbm/RyJeane_lashes_1006.jpg
  artifactKey: Guid(c8ec571307ffc4841b2e9cca524fdcd9) Importer(815301076,1909f56bfc062723c751e8b465ee728b)
Start importing Assets/Graphics/Models/Amy.fbm/RyJeane_lashes_1006.jpg using Guid(c8ec571307ffc4841b2e9cca524fdcd9) Importer(815301076,1909f56bfc062723c751e8b465ee728b)  -> (artifact id: '34c6cfb6423be620cba49d8bd43c6db3') in 0.015275 seconds 
========================================================================
Received Import Request.
  Time since last request: 0.000114 seconds.
  path: Assets/Graphics/Models/Amy.fbm/RyJeane_mouth_1005.jpg
  artifactKey: Guid(75502121cd2fe59498b10906b15f4933) Importer(815301076,1909f56bfc062723c751e8b465ee728b)
Start importing Assets/Graphics/Models/Amy.fbm/RyJeane_mouth_1005.jpg using Guid(75502121cd2fe59498b10906b15f4933) Importer(815301076,1909f56bfc062723c751e8b465ee728b)  -> (artifact id: '6ee5ba68ab060844c5d099218f1c7643') in 0.014006 seconds 
========================================================================
Received Import Request.
  Time since last request: 0.000038 seconds.
  path: Assets/Graphics/Models/Amy.fbm/mRockerShoes01B.jpg
  artifactKey: Guid(507dc16b332538249aaf86b916f63b08) Importer(815301076,1909f56bfc062723c751e8b465ee728b)
Start importing Assets/Graphics/Models/Amy.fbm/mRockerShoes01B.jpg using Guid(507dc16b332538249aaf86b916f63b08) Importer(815301076,1909f56bfc062723c751e8b465ee728b)  -> (artifact id: 'f0b77f9c6af852162a29cb343743134a') in 0.012856 seconds 
========================================================================
Received Import Request.
  Time since last request: 0.000023 seconds.
  path: Assets/Graphics/Models/Amy.fbm/SW_Toulouse_01B.jpg
  artifactKey: Guid(c362589ba7d8de84b9bcd6874be482f5) Importer(815301076,1909f56bfc062723c751e8b465ee728b)
Start importing Assets/Graphics/Models/Amy.fbm/SW_Toulouse_01B.jpg using Guid(c362589ba7d8de84b9bcd6874be482f5) Importer(815301076,1909f56bfc062723c751e8b465ee728b)  -> (artifact id: '41bc02277dc858a7d32e3901639c6b51') in 0.012979 seconds 
========================================================================
Received Import Request.
  Time since last request: 0.000031 seconds.
  path: Assets/Graphics/Models/Amy.fbm/mRockerSkirt01T.jpg
  artifactKey: Guid(2961ebf3986108a4d870c0b6c6203252) Importer(815301076,1909f56bfc062723c751e8b465ee728b)
Start importing Assets/Graphics/Models/Amy.fbm/mRockerSkirt01T.jpg using Guid(2961ebf3986108a4d870c0b6c6203252) Importer(815301076,1909f56bfc062723c751e8b465ee728b)  -> (artifact id: '8a96d4ab747f4423a345f844c432a24b') in 0.011681 seconds 
========================================================================
Received Import Request.
  Time since last request: 0.000020 seconds.
  path: Assets/Graphics/Models/Amy.fbm/SW_Toulouse_TR1.jpg
  artifactKey: Guid(a13194b78235a024b869f9b7265055fe) Importer(815301076,1909f56bfc062723c751e8b465ee728b)
Start importing Assets/Graphics/Models/Amy.fbm/SW_Toulouse_TR1.jpg using Guid(a13194b78235a024b869f9b7265055fe) Importer(815301076,1909f56bfc062723c751e8b465ee728b)  -> (artifact id: '836ef9ee5ed3fa836a30a1618460c5f9') in 0.016107 seconds 
========================================================================
Received Import Request.
  Time since last request: 0.000027 seconds.
  path: Assets/Graphics/Models/Amy.fbm/mRockerNecklace01S.jpg
  artifactKey: Guid(b5d3c1f12bac996478cba46766e0a556) Importer(815301076,1909f56bfc062723c751e8b465ee728b)
Start importing Assets/Graphics/Models/Amy.fbm/mRockerNecklace01S.jpg using Guid(b5d3c1f12bac996478cba46766e0a556) Importer(815301076,1909f56bfc062723c751e8b465ee728b)  -> (artifact id: '2c3937ba7130ef9bf5bee8e7b6d0c053') in 0.018397 seconds 
========================================================================
Received Import Request.
  Time since last request: 0.000020 seconds.
  path: Assets/Graphics/Models/Amy.fbm/mRockerShirt01B.jpg
  artifactKey: Guid(62618a364a9da3e47acc604d96cb04dd) Importer(815301076,1909f56bfc062723c751e8b465ee728b)
Start importing Assets/Graphics/Models/Amy.fbm/mRockerShirt01B.jpg using Guid(62618a364a9da3e47acc604d96cb04dd) Importer(815301076,1909f56bfc062723c751e8b465ee728b)  -> (artifact id: '2e29514b7a033a51a55a92dabb272a69') in 0.010454 seconds 
========================================================================
Received Import Request.
  Time since last request: 0.000021 seconds.
  path: Assets/Graphics/Models/Amy.fbm/mRockerShoes01S.jpg
  artifactKey: Guid(a72a9808e5b7c1949a13f9da943883c0) Importer(815301076,1909f56bfc062723c751e8b465ee728b)
Start importing Assets/Graphics/Models/Amy.fbm/mRockerShoes01S.jpg using Guid(a72a9808e5b7c1949a13f9da943883c0) Importer(815301076,1909f56bfc062723c751e8b465ee728b)  -> (artifact id: '83aa891dbcf0e4640b61e5f49ae14963') in 0.011265 seconds 
========================================================================
Received Import Request.
  Time since last request: 0.000023 seconds.
  path: Assets/Graphics/Models/Amy.fbm/RyJeane_face_1001.jpg
  artifactKey: Guid(8d35994aef751eb4796f9101d3594023) Importer(815301076,1909f56bfc062723c751e8b465ee728b)
Start importing Assets/Graphics/Models/Amy.fbm/RyJeane_face_1001.jpg using Guid(8d35994aef751eb4796f9101d3594023) Importer(815301076,1909f56bfc062723c751e8b465ee728b)  -> (artifact id: '2205ac4a25aa1be669fd355f880fcb10') in 0.010371 seconds 
========================================================================
Received Import Request.
  Time since last request: 0.000018 seconds.
  path: Assets/Graphics/Models/Amy.fbm/s2AC2Ref.jpg
  artifactKey: Guid(222a3107f17aa864886ba792e249841d) Importer(815301076,1909f56bfc062723c751e8b465ee728b)
Start importing Assets/Graphics/Models/Amy.fbm/s2AC2Ref.jpg using Guid(222a3107f17aa864886ba792e249841d) Importer(815301076,1909f56bfc062723c751e8b465ee728b)  -> (artifact id: 'de00b1ab55b3d38f56f1a9679a83ad17') in 0.009507 seconds 
========================================================================
Received Import Request.
  Time since last request: 0.000017 seconds.
  path: Assets/Graphics/Models/Amy.fbm/mRockerThong01.jpg
  artifactKey: Guid(33bbb689623cc264b8be744e74226680) Importer(815301076,1909f56bfc062723c751e8b465ee728b)
Start importing Assets/Graphics/Models/Amy.fbm/mRockerThong01.jpg using Guid(33bbb689623cc264b8be744e74226680) Importer(815301076,1909f56bfc062723c751e8b465ee728b)  -> (artifact id: 'd38592fb8cc6134df1b12d4052470372') in 0.012442 seconds 
========================================================================
Received Import Request.
  Time since last request: 0.000020 seconds.
  path: Assets/Graphics/Models/Amy.fbm/mRockerSkirt01B.jpg
  artifactKey: Guid(6f33b72dc8246c24fa53780650721e4b) Importer(815301076,1909f56bfc062723c751e8b465ee728b)
Start importing Assets/Graphics/Models/Amy.fbm/mRockerSkirt01B.jpg using Guid(6f33b72dc8246c24fa53780650721e4b) Importer(815301076,1909f56bfc062723c751e8b465ee728b)  -> (artifact id: '9333341230433a6369af8c705968220f') in 0.045433 seconds 
========================================================================
Received Import Request.
  Time since last request: 4.848157 seconds.
  path: Assets/Graphics/Models/Materials/EyeMoisture.mat
  artifactKey: Guid(1985877ef2299254d98937d16e08b998) Importer(815301076,1909f56bfc062723c751e8b465ee728b)
Start importing Assets/Graphics/Models/Materials/EyeMoisture.mat using Guid(1985877ef2299254d98937d16e08b998) Importer(815301076,1909f56bfc062723c751e8b465ee728b)  -> (artifact id: '1a1b328ee55ae5c1fef2a7e981afc9ed') in 0.257040 seconds 
Editor requested this worker to shutdown with reason: Scaling down because of idle timeout
AssetImportWorker is now disconnected from the server
Process exiting
Exiting without the bug reporter. Application will terminate with return code 0